{"/Volumes/work/workspace/prisma-jest-custom-gc/src/app.controller.ts": {"path":"/Volumes/work/workspace/prisma-jest-custom-gc/src/app.controller.ts","statementMap":{"0":{"start":{"line":1,"column":0},"end":{"line":1,"column":49}},"1":{"start":{"line":2,"column":0},"end":{"line":2,"column":43}},"2":{"start":{"line":5,"column":7},"end":{"line":12,"column":null}},"3":{"start":{"line":6,"column":31},"end":{"line":6,"column":43}},"4":{"start":{"line":10,"column":4},"end":{"line":10,"column":38}},"5":{"start":{"line":8,"column":2},"end":{"line":11,"column":null}},"6":{"start":{"line":5,"column":13},"end":{"line":12,"column":null}},"7":{"start":{"line":5,"column":13},"end":{"line":5,"column":26}}},"fnMap":{"0":{"name":"(anonymous_2)","decl":{"start":{"line":6,"column":2},"end":{"line":6,"column":31}},"loc":{"start":{"line":6,"column":53},"end":{"line":6,"column":57}}},"1":{"name":"(anonymous_3)","decl":{"start":{"line":9,"column":2},"end":{"line":9,"column":10}},"loc":{"start":{"line":9,"column":10},"end":{"line":11,"column":3}}}},"branchMap":{},"s":{"0":1,"1":1,"2":1,"3":1,"4":1,"5":1,"6":1,"7":1},"f":{"0":1,"1":1},"b":{}}
,"/Volumes/work/workspace/prisma-jest-custom-gc/src/app.service.ts": {"path":"/Volumes/work/workspace/prisma-jest-custom-gc/src/app.service.ts","statementMap":{"0":{"start":{"line":1,"column":0},"end":{"line":1,"column":44}},"1":{"start":{"line":4,"column":7},"end":{"line":8,"column":null}},"2":{"start":{"line":6,"column":4},"end":{"line":6,"column":26}},"3":{"start":{"line":4,"column":13},"end":{"line":8,"column":null}},"4":{"start":{"line":4,"column":13},"end":{"line":4,"column":23}}},"fnMap":{"0":{"name":"(anonymous_1)","decl":{"start":{"line":5,"column":2},"end":{"line":5,"column":10}},"loc":{"start":{"line":5,"column":10},"end":{"line":7,"column":3}}}},"branchMap":{},"s":{"0":1,"1":1,"2":1,"3":1,"4":1},"f":{"0":1},"b":{}}
,"/Volumes/work/workspace/prisma-jest-custom-gc/src/core/util.ts": {"path":"/Volumes/work/workspace/prisma-jest-custom-gc/src/core/util.ts","statementMap":{"0":{"start":{"line":1,"column":0},"end":{"line":1,"column":41}},"1":{"start":{"line":19,"column":27},"end":{"line":29,"column":1}},"2":{"start":{"line":19,"column":13},"end":{"line":19,"column":27}}},"fnMap":{"0":{"name":"(anonymous_0)","decl":{"start":{"line":19,"column":27},"end":{"line":19,"column":28}},"loc":{"start":{"line":19,"column":93},"end":{"line":29,"column":1}}}},"branchMap":{},"s":{"0":5,"1":5,"2":5},"f":{"0":19},"b":{}}
,"/Volumes/work/workspace/prisma-jest-custom-gc/src/core/database/prisma-logger.service.ts": {"path":"/Volumes/work/workspace/prisma-jest-custom-gc/src/core/database/prisma-logger.service.ts","statementMap":{"0":{"start":{"line":1,"column":0},"end":{"line":1,"column":44}},"1":{"start":{"line":3,"column":0},"end":{"line":3,"column":42}},"2":{"start":{"line":4,"column":0},"end":{"line":4,"column":42}},"3":{"start":{"line":10,"column":25},"end":{"line":92,"column":null}},"4":{"start":{"line":14,"column":22},"end":{"line":14,"column":27}},"5":{"start":{"line":20,"column":22},"end":{"line":20,"column":38}},"6":{"start":{"line":27,"column":51},"end":{"line":27,"column":61}},"7":{"start":{"line":29,"column":4},"end":{"line":31,"column":null}},"8":{"start":{"line":30,"column":6},"end":{"line":30,"column":13}},"9":{"start":{"line":33,"column":4},"end":{"line":35,"column":7}},"10":{"start":{"line":37,"column":4},"end":{"line":42,"column":6}},"11":{"start":{"line":44,"column":4},"end":{"line":46,"column":7}},"12":{"start":{"line":50,"column":51},"end":{"line":50,"column":61}},"13":{"start":{"line":51,"column":4},"end":{"line":56,"column":6}},"14":{"start":{"line":60,"column":51},"end":{"line":60,"column":61}},"15":{"start":{"line":62,"column":4},"end":{"line":67,"column":6}},"16":{"start":{"line":71,"column":51},"end":{"line":71,"column":61}},"17":{"start":{"line":73,"column":4},"end":{"line":78,"column":6}},"18":{"start":{"line":87,"column":4},"end":{"line":90,"column":null}},"19":{"start":{"line":88,"column":6},"end":{"line":88,"column":33}},"20":{"start":{"line":89,"column":6},"end":{"line":89,"column":42}},"21":{"start":{"line":10,"column":13},"end":{"line":92,"column":null}},"22":{"start":{"line":10,"column":13},"end":{"line":10,"column":25}}},"fnMap":{"0":{"name":"(anonymous_2)","decl":{"start":{"line":20,"column":2},"end":{"line":20,"column":22}},"loc":{"start":{"line":20,"column":51},"end":{"line":20,"column":56}}},"1":{"name":"(anonymous_3)","decl":{"start":{"line":26,"column":2},"end":{"line":26,"column":7}},"loc":{"start":{"line":26,"column":37},"end":{"line":47,"column":3}}},"2":{"name":"(anonymous_4)","decl":{"start":{"line":49,"column":2},"end":{"line":49,"column":6}},"loc":{"start":{"line":49,"column":36},"end":{"line":57,"column":3}}},"3":{"name":"(anonymous_5)","decl":{"start":{"line":59,"column":2},"end":{"line":59,"column":6}},"loc":{"start":{"line":59,"column":36},"end":{"line":68,"column":3}}},"4":{"name":"(anonymous_6)","decl":{"start":{"line":70,"column":2},"end":{"line":70,"column":7}},"loc":{"start":{"line":70,"column":37},"end":{"line":79,"column":3}}},"5":{"name":"(anonymous_7)","decl":{"start":{"line":86,"column":2},"end":{"line":86,"column":14}},"loc":{"start":{"line":86,"column":33},"end":{"line":91,"column":3}}}},"branchMap":{"0":{"loc":{"start":{"line":29,"column":4},"end":{"line":31,"column":null}},"type":"if","locations":[{"start":{"line":29,"column":4},"end":{"line":31,"column":null}}]},"1":{"loc":{"start":{"line":87,"column":4},"end":{"line":90,"column":null}},"type":"if","locations":[{"start":{"line":87,"column":4},"end":{"line":90,"column":null}}]}},"s":{"0":2,"1":2,"2":2,"3":2,"4":6,"5":6,"6":1,"7":1,"8":0,"9":1,"10":1,"11":1,"12":1,"13":1,"14":1,"15":1,"16":1,"17":1,"18":1,"19":0,"20":0,"21":2,"22":2},"f":{"0":6,"1":1,"2":1,"3":1,"4":1,"5":1},"b":{"0":[0],"1":[0]}}
,"/Volumes/work/workspace/prisma-jest-custom-gc/src/core/database/prisma.service.ts": {"path":"/Volumes/work/workspace/prisma-jest-custom-gc/src/core/database/prisma.service.ts","statementMap":{"0":{"start":{"line":1,"column":0},"end":{"line":1,"column":93}},"1":{"start":{"line":2,"column":0},"end":{"line":2,"column":54}},"2":{"start":{"line":3,"column":0},"end":{"line":3,"column":55}},"3":{"start":{"line":6,"column":7},"end":{"line":44,"column":null}},"4":{"start":{"line":8,"column":4},"end":{"line":16,"column":7}},"5":{"start":{"line":7,"column":31},"end":{"line":7,"column":45}},"6":{"start":{"line":20,"column":4},"end":{"line":22,"column":7}},"7":{"start":{"line":21,"column":6},"end":{"line":21,"column":58}},"8":{"start":{"line":23,"column":4},"end":{"line":25,"column":7}},"9":{"start":{"line":24,"column":6},"end":{"line":24,"column":57}},"10":{"start":{"line":26,"column":4},"end":{"line":28,"column":7}},"11":{"start":{"line":27,"column":6},"end":{"line":27,"column":57}},"12":{"start":{"line":29,"column":4},"end":{"line":31,"column":7}},"13":{"start":{"line":30,"column":6},"end":{"line":30,"column":58}},"14":{"start":{"line":32,"column":4},"end":{"line":32,"column":26}},"15":{"start":{"line":36,"column":4},"end":{"line":36,"column":29}},"16":{"start":{"line":40,"column":4},"end":{"line":42,"column":7}},"17":{"start":{"line":41,"column":6},"end":{"line":41,"column":24}},"18":{"start":{"line":6,"column":13},"end":{"line":44,"column":null}},"19":{"start":{"line":6,"column":13},"end":{"line":6,"column":26}}},"fnMap":{"0":{"name":"(anonymous_2)","decl":{"start":{"line":7,"column":2},"end":{"line":7,"column":31}},"loc":{"start":{"line":7,"column":57},"end":{"line":17,"column":3}}},"1":{"name":"(anonymous_3)","decl":{"start":{"line":19,"column":2},"end":{"line":19,"column":7}},"loc":{"start":{"line":19,"column":20},"end":{"line":33,"column":3}}},"2":{"name":"(anonymous_4)","decl":{"start":{"line":20,"column":29},"end":{"line":20,"column":30}},"loc":{"start":{"line":20,"column":100},"end":{"line":22,"column":5}}},"3":{"name":"(anonymous_5)","decl":{"start":{"line":23,"column":28},"end":{"line":23,"column":29}},"loc":{"start":{"line":23,"column":99},"end":{"line":25,"column":5}}},"4":{"name":"(anonymous_6)","decl":{"start":{"line":26,"column":28},"end":{"line":26,"column":29}},"loc":{"start":{"line":26,"column":99},"end":{"line":28,"column":5}}},"5":{"name":"(anonymous_7)","decl":{"start":{"line":29,"column":29},"end":{"line":29,"column":30}},"loc":{"start":{"line":29,"column":100},"end":{"line":31,"column":5}}},"6":{"name":"(anonymous_8)","decl":{"start":{"line":35,"column":2},"end":{"line":35,"column":7}},"loc":{"start":{"line":35,"column":23},"end":{"line":37,"column":3}}},"7":{"name":"(anonymous_9)","decl":{"start":{"line":39,"column":2},"end":{"line":39,"column":7}},"loc":{"start":{"line":39,"column":49},"end":{"line":43,"column":3}}},"8":{"name":"(anonymous_10)","decl":{"start":{"line":40,"column":27},"end":{"line":40,"column":32}},"loc":{"start":{"line":40,"column":38},"end":{"line":42,"column":5}}}},"branchMap":{},"s":{"0":1,"1":1,"2":1,"3":1,"4":1,"5":1,"6":1,"7":1,"8":1,"9":1,"10":1,"11":0,"12":1,"13":0,"14":1,"15":1,"16":0,"17":0,"18":1,"19":1},"f":{"0":1,"1":1,"2":1,"3":1,"4":0,"5":0,"6":1,"7":0,"8":0},"b":{}}
,"/Volumes/work/workspace/prisma-jest-custom-gc/src/core/health/health.controller.ts": {"path":"/Volumes/work/workspace/prisma-jest-custom-gc/src/core/health/health.controller.ts","statementMap":{"0":{"start":{"line":1,"column":0},"end":{"line":1,"column":72}},"1":{"start":{"line":2,"column":0},"end":{"line":2,"column":90}},"2":{"start":{"line":3,"column":0},"end":{"line":3,"column":42}},"3":{"start":{"line":6,"column":7},"end":{"line":32,"column":null}},"4":{"start":{"line":8,"column":12},"end":{"line":8,"column":32}},"5":{"start":{"line":9,"column":12},"end":{"line":9,"column":35}},"6":{"start":{"line":10,"column":21},"end":{"line":10,"column":36}},"7":{"start":{"line":19,"column":4},"end":{"line":19,"column":64}},"8":{"start":{"line":25,"column":4},"end":{"line":30,"column":7}},"9":{"start":{"line":27,"column":12},"end":{"line":27,"column":82}},"10":{"start":{"line":29,"column":12},"end":{"line":29,"column":80}},"11":{"start":{"line":22,"column":2},"end":{"line":31,"column":null}},"12":{"start":{"line":6,"column":13},"end":{"line":32,"column":null}},"13":{"start":{"line":6,"column":13},"end":{"line":6,"column":29}}},"fnMap":{"0":{"name":"(anonymous_2)","decl":{"start":{"line":7,"column":2},"end":{"line":7,"column":null}},"loc":{"start":{"line":10,"column":49},"end":{"line":11,"column":7}}},"1":{"name":"(anonymous_3)","decl":{"start":{"line":17,"column":2},"end":{"line":17,"column":23}},"loc":{"start":{"line":17,"column":39},"end":{"line":20,"column":3}}},"2":{"name":"(anonymous_4)","decl":{"start":{"line":24,"column":2},"end":{"line":24,"column":7}},"loc":{"start":{"line":24,"column":7},"end":{"line":31,"column":3}}},"3":{"name":"(anonymous_5)","decl":{"start":{"line":27,"column":6},"end":{"line":27,"column":9}},"loc":{"start":{"line":27,"column":12},"end":{"line":27,"column":82}}},"4":{"name":"(anonymous_6)","decl":{"start":{"line":29,"column":6},"end":{"line":29,"column":9}},"loc":{"start":{"line":29,"column":12},"end":{"line":29,"column":80}}}},"branchMap":{},"s":{"0":1,"1":1,"2":1,"3":1,"4":2,"5":2,"6":2,"7":1,"8":1,"9":1,"10":1,"11":1,"12":1,"13":1},"f":{"0":2,"1":1,"2":1,"3":1,"4":1},"b":{}}
,"/Volumes/work/workspace/prisma-jest-custom-gc/src/core/logger/index.ts": {"path":"/Volumes/work/workspace/prisma-jest-custom-gc/src/core/logger/index.ts","statementMap":{"0":{"start":{"line":1,"column":0},"end":{"line":1,"column":32}},"1":{"start":{"line":2,"column":0},"end":{"line":2,"column":25}},"2":{"start":{"line":3,"column":0},"end":{"line":3,"column":33}}},"fnMap":{},"branchMap":{},"s":{"0":3,"1":3,"2":3},"f":{},"b":{}}
,"/Volumes/work/workspace/prisma-jest-custom-gc/src/core/logger/logger.module.ts": {"path":"/Volumes/work/workspace/prisma-jest-custom-gc/src/core/logger/logger.module.ts","statementMap":{"0":{"start":{"line":1,"column":0},"end":{"line":1,"column":48}},"1":{"start":{"line":2,"column":0},"end":{"line":2,"column":49}},"2":{"start":{"line":9,"column":7},"end":{"line":9,"column":null}},"3":{"start":{"line":9,"column":13},"end":{"line":9,"column":null}},"4":{"start":{"line":9,"column":13},"end":{"line":9,"column":25}}},"fnMap":{},"branchMap":{},"s":{"0":3,"1":3,"2":3,"3":3,"4":3},"f":{},"b":{}}
,"/Volumes/work/workspace/prisma-jest-custom-gc/src/core/logger/logger.service.ts": {"path":"/Volumes/work/workspace/prisma-jest-custom-gc/src/core/logger/logger.service.ts","statementMap":{"0":{"start":{"line":1,"column":0},"end":{"line":1,"column":100}},"1":{"start":{"line":2,"column":0},"end":{"line":2,"column":37}},"2":{"start":{"line":3,"column":0},"end":{"line":3,"column":38}},"3":{"start":{"line":34,"column":32},"end":{"line":34,"column":48}},"4":{"start":{"line":39,"column":31},"end":{"line":43,"column":4}},"5":{"start":{"line":51,"column":4},"end":{"line":51,"column":36}},"6":{"start":{"line":66,"column":4},"end":{"line":68,"column":null}},"7":{"start":{"line":67,"column":6},"end":{"line":67,"column":48}},"8":{"start":{"line":70,"column":4},"end":{"line":72,"column":null}},"9":{"start":{"line":71,"column":6},"end":{"line":71,"column":58}},"10":{"start":{"line":74,"column":4},"end":{"line":74,"column":104}},"11":{"start":{"line":89,"column":4},"end":{"line":91,"column":null}},"12":{"start":{"line":90,"column":6},"end":{"line":90,"column":48}},"13":{"start":{"line":93,"column":4},"end":{"line":95,"column":null}},"14":{"start":{"line":94,"column":6},"end":{"line":94,"column":94}},"15":{"start":{"line":97,"column":4},"end":{"line":97,"column":123}},"16":{"start":{"line":112,"column":4},"end":{"line":114,"column":null}},"17":{"start":{"line":113,"column":6},"end":{"line":113,"column":48}},"18":{"start":{"line":116,"column":4},"end":{"line":118,"column":null}},"19":{"start":{"line":117,"column":6},"end":{"line":117,"column":40}},"20":{"start":{"line":120,"column":4},"end":{"line":120,"column":105}},"21":{"start":{"line":135,"column":4},"end":{"line":137,"column":null}},"22":{"start":{"line":136,"column":6},"end":{"line":136,"column":48}},"23":{"start":{"line":139,"column":4},"end":{"line":141,"column":null}},"24":{"start":{"line":140,"column":6},"end":{"line":140,"column":60}},"25":{"start":{"line":143,"column":4},"end":{"line":143,"column":106}},"26":{"start":{"line":158,"column":4},"end":{"line":160,"column":null}},"27":{"start":{"line":159,"column":6},"end":{"line":159,"column":48}},"28":{"start":{"line":162,"column":4},"end":{"line":164,"column":null}},"29":{"start":{"line":163,"column":6},"end":{"line":163,"column":62}},"30":{"start":{"line":166,"column":4},"end":{"line":166,"column":108}},"31":{"start":{"line":180,"column":4},"end":{"line":199,"column":null}},"32":{"start":{"line":182,"column":8},"end":{"line":182,"column":59}},"33":{"start":{"line":185,"column":8},"end":{"line":187,"column":null}},"34":{"start":{"line":186,"column":10},"end":{"line":186,"column":66}},"35":{"start":{"line":189,"column":8},"end":{"line":191,"column":null}},"36":{"start":{"line":190,"column":10},"end":{"line":190,"column":77}},"37":{"start":{"line":192,"column":8},"end":{"line":192,"column":14}},"38":{"start":{"line":194,"column":8},"end":{"line":194,"column":60}},"39":{"start":{"line":196,"column":8},"end":{"line":196,"column":61}},"40":{"start":{"line":198,"column":8},"end":{"line":198,"column":63}},"41":{"start":{"line":30,"column":0},"end":{"line":30,"column":13}}},"fnMap":{"0":{"name":"(anonymous_0)","decl":{"start":{"line":50,"column":2},"end":{"line":50,"column":12}},"loc":{"start":{"line":50,"column":28},"end":{"line":52,"column":3}}},"1":{"name":"(anonymous_1)","decl":{"start":{"line":65,"column":2},"end":{"line":65,"column":5}},"loc":{"start":{"line":65,"column":48},"end":{"line":75,"column":3}}},"2":{"name":"(anonymous_2)","decl":{"start":{"line":88,"column":2},"end":{"line":88,"column":7}},"loc":{"start":{"line":88,"column":41},"end":{"line":98,"column":3}}},"3":{"name":"(anonymous_3)","decl":{"start":{"line":111,"column":2},"end":{"line":111,"column":6}},"loc":{"start":{"line":111,"column":40},"end":{"line":121,"column":3}}},"4":{"name":"(anonymous_4)","decl":{"start":{"line":134,"column":2},"end":{"line":134,"column":7}},"loc":{"start":{"line":134,"column":41},"end":{"line":144,"column":3}}},"5":{"name":"(anonymous_5)","decl":{"start":{"line":157,"column":2},"end":{"line":157,"column":9}},"loc":{"start":{"line":157,"column":43},"end":{"line":167,"column":3}}},"6":{"name":"(anonymous_6)","decl":{"start":{"line":179,"column":10},"end":{"line":179,"column":21}},"loc":{"start":{"line":179,"column":109},"end":{"line":200,"column":3}}}},"branchMap":{"0":{"loc":{"start":{"line":66,"column":4},"end":{"line":68,"column":null}},"type":"if","locations":[{"start":{"line":66,"column":4},"end":{"line":68,"column":null}}]},"1":{"loc":{"start":{"line":70,"column":4},"end":{"line":72,"column":null}},"type":"if","locations":[{"start":{"line":70,"column":4},"end":{"line":72,"column":null}}]},"2":{"loc":{"start":{"line":89,"column":4},"end":{"line":91,"column":null}},"type":"if","locations":[{"start":{"line":89,"column":4},"end":{"line":91,"column":null}}]},"3":{"loc":{"start":{"line":93,"column":4},"end":{"line":95,"column":null}},"type":"if","locations":[{"start":{"line":93,"column":4},"end":{"line":95,"column":null}}]},"4":{"loc":{"start":{"line":93,"column":8},"end":{"line":93,"column":63}},"type":"binary-expr","locations":[{"start":{"line":93,"column":8},"end":{"line":93,"column":32}},{"start":{"line":93,"column":36},"end":{"line":93,"column":63}}]},"5":{"loc":{"start":{"line":112,"column":4},"end":{"line":114,"column":null}},"type":"if","locations":[{"start":{"line":112,"column":4},"end":{"line":114,"column":null}}]},"6":{"loc":{"start":{"line":116,"column":4},"end":{"line":118,"column":null}},"type":"if","locations":[{"start":{"line":116,"column":4},"end":{"line":118,"column":null}}]},"7":{"loc":{"start":{"line":135,"column":4},"end":{"line":137,"column":null}},"type":"if","locations":[{"start":{"line":135,"column":4},"end":{"line":137,"column":null}}]},"8":{"loc":{"start":{"line":139,"column":4},"end":{"line":141,"column":null}},"type":"if","locations":[{"start":{"line":139,"column":4},"end":{"line":141,"column":null}}]},"9":{"loc":{"start":{"line":158,"column":4},"end":{"line":160,"column":null}},"type":"if","locations":[{"start":{"line":158,"column":4},"end":{"line":160,"column":null}}]},"10":{"loc":{"start":{"line":162,"column":4},"end":{"line":164,"column":null}},"type":"if","locations":[{"start":{"line":162,"column":4},"end":{"line":164,"column":null}}]},"11":{"loc":{"start":{"line":180,"column":4},"end":{"line":199,"column":null}},"type":"switch","locations":[{"start":{"line":181,"column":6},"end":{"line":182,"column":59}},{"start":{"line":183,"column":6},"end":{"line":192,"column":14}},{"start":{"line":193,"column":6},"end":{"line":194,"column":60}},{"start":{"line":195,"column":6},"end":{"line":196,"column":61}},{"start":{"line":197,"column":6},"end":{"line":198,"column":63}}]},"12":{"loc":{"start":{"line":185,"column":8},"end":{"line":187,"column":null}},"type":"if","locations":[{"start":{"line":185,"column":8},"end":{"line":187,"column":null}}]},"13":{"loc":{"start":{"line":189,"column":8},"end":{"line":191,"column":null}},"type":"if","locations":[{"start":{"line":189,"column":8},"end":{"line":191,"column":null}}]}},"s":{"0":4,"1":4,"2":4,"3":15,"4":15,"5":1,"6":6,"7":2,"8":6,"9":0,"10":6,"11":2,"12":1,"13":2,"14":0,"15":2,"16":2,"17":1,"18":2,"19":0,"20":2,"21":1,"22":1,"23":1,"24":0,"25":1,"26":1,"27":1,"28":1,"29":0,"30":1,"31":0,"32":0,"33":0,"34":0,"35":0,"36":0,"37":0,"38":0,"39":0,"40":0,"41":4},"f":{"0":1,"1":6,"2":2,"3":2,"4":1,"5":1,"6":0},"b":{"0":[2],"1":[0],"2":[1],"3":[0],"4":[2,2],"5":[1],"6":[0],"7":[1],"8":[0],"9":[1],"10":[0],"11":[0,0,0,0,0],"12":[0],"13":[0]}}
,"/Volumes/work/workspace/prisma-jest-custom-gc/src/core/logger/winson.ts": {"path":"/Volumes/work/workspace/prisma-jest-custom-gc/src/core/logger/winson.ts","statementMap":{"0":{"start":{"line":1,"column":0},"end":{"line":1,"column":86}},"1":{"start":{"line":2,"column":0},"end":{"line":2,"column":53}},"2":{"start":{"line":4,"column":58},"end":{"line":4,"column":64}},"3":{"start":{"line":15,"column":29},"end":{"line":34,"column":1}},"4":{"start":{"line":16,"column":2},"end":{"line":33,"column":5}},"5":{"start":{"line":15,"column":13},"end":{"line":15,"column":29}}},"fnMap":{"0":{"name":"(anonymous_0)","decl":{"start":{"line":15,"column":29},"end":{"line":15,"column":30}},"loc":{"start":{"line":15,"column":50},"end":{"line":34,"column":1}}}},"branchMap":{},"s":{"0":4,"1":4,"2":4,"3":4,"4":13,"5":4},"f":{"0":13},"b":{}}
}
