TN:
SF:src/core/util.ts
FN:19,(anonymous_0)
FNF:1
FNH:0
FNDA:0,(anonymous_0)
DA:1,1
DA:19,1
LF:2
LH:2
BRF:0
BRH:0
end_of_record
TN:
SF:src/core/database/prisma-logger.service.ts
FN:20,(anonymous_2)
FN:26,(anonymous_3)
FN:49,(anonymous_4)
FN:59,(anonymous_5)
FN:70,(anonymous_6)
FN:86,(anonymous_7)
FNF:6
FNH:0
FNDA:0,(anonymous_2)
FNDA:0,(anonymous_3)
FNDA:0,(anonymous_4)
FNDA:0,(anonymous_5)
FNDA:0,(anonymous_6)
FNDA:0,(anonymous_7)
DA:1,1
DA:3,1
DA:4,1
DA:10,1
DA:14,0
DA:20,0
DA:27,0
DA:29,0
DA:30,0
DA:33,0
DA:37,0
DA:44,0
DA:50,0
DA:51,0
DA:60,0
DA:62,0
DA:71,0
DA:73,0
DA:87,0
DA:88,0
DA:89,0
LF:21
LH:4
BRDA:29,0,0,0
BRDA:87,1,0,0
BRF:2
BRH:0
end_of_record
TN:
SF:src/core/database/prisma.service.ts
FN:7,(anonymous_2)
FN:19,(anonymous_3)
FN:20,(anonymous_4)
FN:23,(anonymous_5)
FN:26,(anonymous_6)
FN:29,(anonymous_7)
FN:35,(anonymous_8)
FN:39,(anonymous_9)
FN:40,(anonymous_10)
FNF:9
FNH:4
FNDA:1,(anonymous_2)
FNDA:1,(anonymous_3)
FNDA:0,(anonymous_4)
FNDA:1,(anonymous_5)
FNDA:0,(anonymous_6)
FNDA:0,(anonymous_7)
FNDA:1,(anonymous_8)
FNDA:0,(anonymous_9)
FNDA:0,(anonymous_10)
DA:1,1
DA:2,1
DA:3,1
DA:6,1
DA:7,1
DA:8,1
DA:20,1
DA:21,0
DA:23,1
DA:24,1
DA:26,1
DA:27,0
DA:29,1
DA:30,0
DA:32,1
DA:36,1
DA:40,0
DA:41,0
LF:18
LH:13
BRF:0
BRH:0
end_of_record
TN:
SF:src/core/logger/index.ts
FNF:0
FNH:0
DA:1,1
DA:2,1
DA:3,1
LF:3
LH:3
BRF:0
BRH:0
end_of_record
TN:
SF:src/core/logger/logger.module.ts
FNF:0
FNH:0
DA:1,1
DA:2,1
DA:9,1
LF:3
LH:3
BRF:0
BRH:0
end_of_record
TN:
SF:src/core/logger/logger.service.ts
FN:50,(anonymous_0)
FN:65,(anonymous_1)
FN:88,(anonymous_2)
FN:111,(anonymous_3)
FN:134,(anonymous_4)
FN:157,(anonymous_5)
FN:179,(anonymous_6)
FNF:7
FNH:0
FNDA:0,(anonymous_0)
FNDA:0,(anonymous_1)
FNDA:0,(anonymous_2)
FNDA:0,(anonymous_3)
FNDA:0,(anonymous_4)
FNDA:0,(anonymous_5)
FNDA:0,(anonymous_6)
DA:1,1
DA:2,1
DA:3,1
DA:30,1
DA:34,0
DA:39,0
DA:51,0
DA:66,0
DA:67,0
DA:70,0
DA:71,0
DA:74,0
DA:89,0
DA:90,0
DA:93,0
DA:94,0
DA:97,0
DA:112,0
DA:113,0
DA:116,0
DA:117,0
DA:120,0
DA:135,0
DA:136,0
DA:139,0
DA:140,0
DA:143,0
DA:158,0
DA:159,0
DA:162,0
DA:163,0
DA:166,0
DA:180,0
DA:182,0
DA:185,0
DA:186,0
DA:189,0
DA:190,0
DA:192,0
DA:194,0
DA:196,0
DA:198,0
LF:42
LH:4
BRDA:66,0,0,0
BRDA:70,1,0,0
BRDA:89,2,0,0
BRDA:93,3,0,0
BRDA:93,4,0,0
BRDA:93,4,1,0
BRDA:112,5,0,0
BRDA:116,6,0,0
BRDA:135,7,0,0
BRDA:139,8,0,0
BRDA:158,9,0,0
BRDA:162,10,0,0
BRDA:180,11,0,0
BRDA:180,11,1,0
BRDA:180,11,2,0
BRDA:180,11,3,0
BRDA:180,11,4,0
BRDA:185,12,0,0
BRDA:189,13,0,0
BRF:19
BRH:0
end_of_record
TN:
SF:src/core/logger/winson.ts
FN:15,(anonymous_0)
FNF:1
FNH:0
FNDA:0,(anonymous_0)
DA:1,1
DA:2,1
DA:4,1
DA:15,1
DA:16,0
LF:5
LH:4
BRF:0
BRH:0
end_of_record
