TN:
SF:src/app.controller.ts
FN:6,(anonymous_2)
FN:9,(anonymous_3)
FNF:2
FNH:2
FNDA:1,(anonymous_2)
FNDA:1,(anonymous_3)
DA:1,1
DA:2,1
DA:5,1
DA:6,1
DA:8,1
DA:10,1
LF:6
LH:6
BRF:0
BRH:0
end_of_record
TN:
SF:src/app.service.ts
FN:5,(anonymous_1)
FNF:1
FNH:1
FNDA:1,(anonymous_1)
DA:1,1
DA:4,1
DA:6,1
LF:3
LH:3
BRF:0
BRH:0
end_of_record
TN:
SF:src/core/util.ts
FN:19,(anonymous_0)
FNF:1
FNH:1
FNDA:19,(anonymous_0)
DA:1,5
DA:19,5
LF:2
LH:2
BRF:0
BRH:0
end_of_record
TN:
SF:src/core/database/prisma-logger.service.ts
FN:20,(anonymous_2)
FN:26,(anonymous_3)
FN:49,(anonymous_4)
FN:59,(anonymous_5)
FN:70,(anonymous_6)
FN:86,(anonymous_7)
FNF:6
FNH:6
FNDA:6,(anonymous_2)
FNDA:1,(anonymous_3)
FNDA:1,(anonymous_4)
FNDA:1,(anonymous_5)
FNDA:1,(anonymous_6)
FNDA:1,(anonymous_7)
DA:1,2
DA:3,2
DA:4,2
DA:10,2
DA:14,6
DA:20,6
DA:27,1
DA:29,1
DA:30,0
DA:33,1
DA:37,1
DA:44,1
DA:50,1
DA:51,1
DA:60,1
DA:62,1
DA:71,1
DA:73,1
DA:87,1
DA:88,0
DA:89,0
LF:21
LH:18
BRDA:29,0,0,0
BRDA:87,1,0,0
BRF:2
BRH:0
end_of_record
TN:
SF:src/core/database/prisma.service.ts
FN:7,(anonymous_2)
FN:19,(anonymous_3)
FN:20,(anonymous_4)
FN:23,(anonymous_5)
FN:26,(anonymous_6)
FN:29,(anonymous_7)
FN:35,(anonymous_8)
FN:39,(anonymous_9)
FN:40,(anonymous_10)
FNF:9
FNH:5
FNDA:1,(anonymous_2)
FNDA:1,(anonymous_3)
FNDA:1,(anonymous_4)
FNDA:1,(anonymous_5)
FNDA:0,(anonymous_6)
FNDA:0,(anonymous_7)
FNDA:1,(anonymous_8)
FNDA:0,(anonymous_9)
FNDA:0,(anonymous_10)
DA:1,1
DA:2,1
DA:3,1
DA:6,1
DA:7,1
DA:8,1
DA:20,1
DA:21,1
DA:23,1
DA:24,1
DA:26,1
DA:27,0
DA:29,1
DA:30,0
DA:32,1
DA:36,1
DA:40,0
DA:41,0
LF:18
LH:14
BRF:0
BRH:0
end_of_record
TN:
SF:src/core/health/health.controller.ts
FN:7,(anonymous_2)
FN:17,(anonymous_3)
FN:24,(anonymous_4)
FN:27,(anonymous_5)
FN:29,(anonymous_6)
FNF:5
FNH:5
FNDA:2,(anonymous_2)
FNDA:1,(anonymous_3)
FNDA:1,(anonymous_4)
FNDA:1,(anonymous_5)
FNDA:1,(anonymous_6)
DA:1,1
DA:2,1
DA:3,1
DA:6,1
DA:8,2
DA:9,2
DA:10,2
DA:19,1
DA:22,1
DA:25,1
DA:27,1
DA:29,1
LF:12
LH:12
BRF:0
BRH:0
end_of_record
TN:
SF:src/core/logger/index.ts
FNF:0
FNH:0
DA:1,3
DA:2,3
DA:3,3
LF:3
LH:3
BRF:0
BRH:0
end_of_record
TN:
SF:src/core/logger/logger.module.ts
FNF:0
FNH:0
DA:1,3
DA:2,3
DA:9,3
LF:3
LH:3
BRF:0
BRH:0
end_of_record
TN:
SF:src/core/logger/logger.service.ts
FN:50,(anonymous_0)
FN:65,(anonymous_1)
FN:88,(anonymous_2)
FN:111,(anonymous_3)
FN:134,(anonymous_4)
FN:157,(anonymous_5)
FN:179,(anonymous_6)
FNF:7
FNH:6
FNDA:1,(anonymous_0)
FNDA:6,(anonymous_1)
FNDA:2,(anonymous_2)
FNDA:2,(anonymous_3)
FNDA:1,(anonymous_4)
FNDA:1,(anonymous_5)
FNDA:0,(anonymous_6)
DA:1,4
DA:2,4
DA:3,4
DA:30,4
DA:34,15
DA:39,15
DA:51,1
DA:66,6
DA:67,2
DA:70,6
DA:71,0
DA:74,6
DA:89,2
DA:90,1
DA:93,2
DA:94,0
DA:97,2
DA:112,2
DA:113,1
DA:116,2
DA:117,0
DA:120,2
DA:135,1
DA:136,1
DA:139,1
DA:140,0
DA:143,1
DA:158,1
DA:159,1
DA:162,1
DA:163,0
DA:166,1
DA:180,0
DA:182,0
DA:185,0
DA:186,0
DA:189,0
DA:190,0
DA:192,0
DA:194,0
DA:196,0
DA:198,0
LF:42
LH:27
BRDA:66,0,0,2
BRDA:70,1,0,0
BRDA:89,2,0,1
BRDA:93,3,0,0
BRDA:93,4,0,2
BRDA:93,4,1,2
BRDA:112,5,0,1
BRDA:116,6,0,0
BRDA:135,7,0,1
BRDA:139,8,0,0
BRDA:158,9,0,1
BRDA:162,10,0,0
BRDA:180,11,0,0
BRDA:180,11,1,0
BRDA:180,11,2,0
BRDA:180,11,3,0
BRDA:180,11,4,0
BRDA:185,12,0,0
BRDA:189,13,0,0
BRF:19
BRH:7
end_of_record
TN:
SF:src/core/logger/winson.ts
FN:15,(anonymous_0)
FNF:1
FNH:1
FNDA:13,(anonymous_0)
DA:1,4
DA:2,4
DA:4,4
DA:15,4
DA:16,13
LF:5
LH:5
BRF:0
BRH:0
end_of_record
